28-Nov-2024 19:25:41.859 INFO [main] org.apache.catalina.startup.VersionLoggerListener.log Server version name:   Apache Tomcat/9.0.86
28-Nov-2024 19:25:41.861 INFO [main] org.apache.catalina.startup.VersionLoggerListener.log Server built:          Feb 14 2024 08:15:12 UTC
28-Nov-2024 19:25:41.861 INFO [main] org.apache.catalina.startup.VersionLoggerListener.log Server version number: 9.0.86.0
28-Nov-2024 19:25:41.861 INFO [main] org.apache.catalina.startup.VersionLoggerListener.log OS Name:               Linux
28-Nov-2024 19:25:41.861 INFO [main] org.apache.catalina.startup.VersionLoggerListener.log OS Version:            6.10.4-linuxkit
28-Nov-2024 19:25:41.861 INFO [main] org.apache.catalina.startup.VersionLoggerListener.log Architecture:          aarch64
28-Nov-2024 19:25:41.861 INFO [main] org.apache.catalina.startup.VersionLoggerListener.log Java Home:             /opt/java/openjdk
28-Nov-2024 19:25:41.861 INFO [main] org.apache.catalina.startup.VersionLoggerListener.log JVM Version:           11.0.22+7
28-Nov-2024 19:25:41.861 INFO [main] org.apache.catalina.startup.VersionLoggerListener.log JVM Vendor:            Eclipse Adoptium
28-Nov-2024 19:25:41.861 INFO [main] org.apache.catalina.startup.VersionLoggerListener.log CATALINA_BASE:         /usr/local/tomcat
28-Nov-2024 19:25:41.861 INFO [main] org.apache.catalina.startup.VersionLoggerListener.log CATALINA_HOME:         /usr/local/tomcat
28-Nov-2024 19:25:41.870 INFO [main] org.apache.catalina.startup.VersionLoggerListener.log Command line argument: --add-opens=java.base/java.lang=ALL-UNNAMED
28-Nov-2024 19:25:41.870 INFO [main] org.apache.catalina.startup.VersionLoggerListener.log Command line argument: --add-opens=java.base/java.io=ALL-UNNAMED
28-Nov-2024 19:25:41.870 INFO [main] org.apache.catalina.startup.VersionLoggerListener.log Command line argument: --add-opens=java.base/java.util=ALL-UNNAMED
28-Nov-2024 19:25:41.870 INFO [main] org.apache.catalina.startup.VersionLoggerListener.log Command line argument: --add-opens=java.base/java.util.concurrent=ALL-UNNAMED
28-Nov-2024 19:25:41.870 INFO [main] org.apache.catalina.startup.VersionLoggerListener.log Command line argument: --add-opens=java.rmi/sun.rmi.transport=ALL-UNNAMED
28-Nov-2024 19:25:41.870 INFO [main] org.apache.catalina.startup.VersionLoggerListener.log Command line argument: -Djava.util.logging.config.file=/usr/local/tomcat/conf/logging.properties
28-Nov-2024 19:25:41.871 INFO [main] org.apache.catalina.startup.VersionLoggerListener.log Command line argument: -Djava.util.logging.manager=org.apache.juli.ClassLoaderLogManager
28-Nov-2024 19:25:41.871 INFO [main] org.apache.catalina.startup.VersionLoggerListener.log Command line argument: -Djdk.tls.ephemeralDHKeySize=2048
28-Nov-2024 19:25:41.871 INFO [main] org.apache.catalina.startup.VersionLoggerListener.log Command line argument: -Djava.protocol.handler.pkgs=org.apache.catalina.webresources
28-Nov-2024 19:25:41.871 INFO [main] org.apache.catalina.startup.VersionLoggerListener.log Command line argument: -Dorg.apache.catalina.security.SecurityListener.UMASK=0027
28-Nov-2024 19:25:41.871 INFO [main] org.apache.catalina.startup.VersionLoggerListener.log Command line argument: -Xmx2G
28-Nov-2024 19:25:41.871 INFO [main] org.apache.catalina.startup.VersionLoggerListener.log Command line argument: -Xms2G
28-Nov-2024 19:25:41.871 INFO [main] org.apache.catalina.startup.VersionLoggerListener.log Command line argument: -Dignore.endorsed.dirs=
28-Nov-2024 19:25:41.871 INFO [main] org.apache.catalina.startup.VersionLoggerListener.log Command line argument: -Dcatalina.base=/usr/local/tomcat
28-Nov-2024 19:25:41.871 INFO [main] org.apache.catalina.startup.VersionLoggerListener.log Command line argument: -Dcatalina.home=/usr/local/tomcat
28-Nov-2024 19:25:41.871 INFO [main] org.apache.catalina.startup.VersionLoggerListener.log Command line argument: -Djava.io.tmpdir=/usr/local/tomcat/temp
28-Nov-2024 19:25:41.880 INFO [main] org.apache.catalina.core.AprLifecycleListener.lifecycleEvent Loaded Apache Tomcat Native library [1.3.0] using APR version [1.7.0].
28-Nov-2024 19:25:41.880 INFO [main] org.apache.catalina.core.AprLifecycleListener.lifecycleEvent APR capabilities: IPv6 [true], sendfile [true], accept filters [false], random [true], UDS [true].
28-Nov-2024 19:25:41.880 INFO [main] org.apache.catalina.core.AprLifecycleListener.lifecycleEvent APR/OpenSSL configuration: useAprConnector [false], useOpenSSL [true]
28-Nov-2024 19:25:41.889 INFO [main] org.apache.catalina.core.AprLifecycleListener.initializeSSL OpenSSL successfully initialized [OpenSSL 3.0.2 15 Mar 2022]
28-Nov-2024 19:25:42.045 INFO [main] org.apache.coyote.AbstractProtocol.init Initializing ProtocolHandler ["http-nio-8080"]
28-Nov-2024 19:25:42.062 INFO [main] org.apache.catalina.startup.Catalina.load Server initialization in [323] milliseconds
28-Nov-2024 19:25:42.094 INFO [main] org.apache.catalina.core.StandardService.startInternal Starting service [Catalina]
28-Nov-2024 19:25:42.094 INFO [main] org.apache.catalina.core.StandardEngine.startInternal Starting Servlet engine: [Apache Tomcat/9.0.86]
28-Nov-2024 19:25:42.110 INFO [main] org.apache.catalina.startup.HostConfig.deployWAR Deploying web application archive [/usr/local/tomcat/webapps/Scada-LTS.war]
28-Nov-2024 19:25:43.850 WARNING [main] org.apache.tomcat.jdbc.pool.ConnectionPool.checkPoolConfiguration maxIdle is larger than maxActive, setting maxIdle to: 80
28-Nov-2024 19:25:44.036 INFO [main] org.apache.jasper.servlet.TldScanner.scanJars At least one JAR was scanned for TLDs yet contained no TLDs. Enable debug logging for this logger for a complete list of JARs that were scanned but no TLDs were found in them. Skipping unneeded JARs during scanning can improve startup time and JSP compilation time.
28-Nov-2024 19:25:47.050 INFO [main] org.apache.catalina.startup.HostConfig.deployWAR Deployment of web application archive [/usr/local/tomcat/webapps/Scada-LTS.war] has finished in [4,940] ms
28-Nov-2024 19:25:47.053 INFO [main] org.apache.coyote.AbstractProtocol.start Starting ProtocolHandler ["http-nio-8080"]
28-Nov-2024 19:25:47.058 INFO [main] org.apache.catalina.startup.Catalina.start Server startup in [4994] milliseconds
