04-Nov-2024 17:15:25.168 INFO [main] org.apache.catalina.startup.VersionLoggerListener.log Server version name:   Apache Tomcat/9.0.86
04-Nov-2024 17:15:25.170 INFO [main] org.apache.catalina.startup.VersionLoggerListener.log Server built:          Feb 14 2024 08:15:12 UTC
04-Nov-2024 17:15:25.170 INFO [main] org.apache.catalina.startup.VersionLoggerListener.log Server version number: 9.0.86.0
04-Nov-2024 17:15:25.170 INFO [main] org.apache.catalina.startup.VersionLoggerListener.log OS Name:               Linux
04-Nov-2024 17:15:25.170 INFO [main] org.apache.catalina.startup.VersionLoggerListener.log OS Version:            6.10.4-linuxkit
04-Nov-2024 17:15:25.170 INFO [main] org.apache.catalina.startup.VersionLoggerListener.log Architecture:          aarch64
04-Nov-2024 17:15:25.170 INFO [main] org.apache.catalina.startup.VersionLoggerListener.log Java Home:             /opt/java/openjdk
04-Nov-2024 17:15:25.170 INFO [main] org.apache.catalina.startup.VersionLoggerListener.log JVM Version:           11.0.22+7
04-Nov-2024 17:15:25.170 INFO [main] org.apache.catalina.startup.VersionLoggerListener.log JVM Vendor:            Eclipse Adoptium
04-Nov-2024 17:15:25.170 INFO [main] org.apache.catalina.startup.VersionLoggerListener.log CATALINA_BASE:         /usr/local/tomcat
04-Nov-2024 17:15:25.171 INFO [main] org.apache.catalina.startup.VersionLoggerListener.log CATALINA_HOME:         /usr/local/tomcat
04-Nov-2024 17:15:25.180 INFO [main] org.apache.catalina.startup.VersionLoggerListener.log Command line argument: --add-opens=java.base/java.lang=ALL-UNNAMED
04-Nov-2024 17:15:25.181 INFO [main] org.apache.catalina.startup.VersionLoggerListener.log Command line argument: --add-opens=java.base/java.io=ALL-UNNAMED
04-Nov-2024 17:15:25.181 INFO [main] org.apache.catalina.startup.VersionLoggerListener.log Command line argument: --add-opens=java.base/java.util=ALL-UNNAMED
04-Nov-2024 17:15:25.181 INFO [main] org.apache.catalina.startup.VersionLoggerListener.log Command line argument: --add-opens=java.base/java.util.concurrent=ALL-UNNAMED
04-Nov-2024 17:15:25.181 INFO [main] org.apache.catalina.startup.VersionLoggerListener.log Command line argument: --add-opens=java.rmi/sun.rmi.transport=ALL-UNNAMED
04-Nov-2024 17:15:25.181 INFO [main] org.apache.catalina.startup.VersionLoggerListener.log Command line argument: -Djava.util.logging.config.file=/usr/local/tomcat/conf/logging.properties
04-Nov-2024 17:15:25.181 INFO [main] org.apache.catalina.startup.VersionLoggerListener.log Command line argument: -Djava.util.logging.manager=org.apache.juli.ClassLoaderLogManager
04-Nov-2024 17:15:25.181 INFO [main] org.apache.catalina.startup.VersionLoggerListener.log Command line argument: -Djdk.tls.ephemeralDHKeySize=2048
04-Nov-2024 17:15:25.181 INFO [main] org.apache.catalina.startup.VersionLoggerListener.log Command line argument: -Djava.protocol.handler.pkgs=org.apache.catalina.webresources
04-Nov-2024 17:15:25.181 INFO [main] org.apache.catalina.startup.VersionLoggerListener.log Command line argument: -Dorg.apache.catalina.security.SecurityListener.UMASK=0027
04-Nov-2024 17:15:25.181 INFO [main] org.apache.catalina.startup.VersionLoggerListener.log Command line argument: -Xmx2G
04-Nov-2024 17:15:25.181 INFO [main] org.apache.catalina.startup.VersionLoggerListener.log Command line argument: -Xms2G
04-Nov-2024 17:15:25.181 INFO [main] org.apache.catalina.startup.VersionLoggerListener.log Command line argument: -Dignore.endorsed.dirs=
04-Nov-2024 17:15:25.181 INFO [main] org.apache.catalina.startup.VersionLoggerListener.log Command line argument: -Dcatalina.base=/usr/local/tomcat
04-Nov-2024 17:15:25.181 INFO [main] org.apache.catalina.startup.VersionLoggerListener.log Command line argument: -Dcatalina.home=/usr/local/tomcat
04-Nov-2024 17:15:25.182 INFO [main] org.apache.catalina.startup.VersionLoggerListener.log Command line argument: -Djava.io.tmpdir=/usr/local/tomcat/temp
04-Nov-2024 17:15:25.191 INFO [main] org.apache.catalina.core.AprLifecycleListener.lifecycleEvent Loaded Apache Tomcat Native library [1.3.0] using APR version [1.7.0].
04-Nov-2024 17:15:25.191 INFO [main] org.apache.catalina.core.AprLifecycleListener.lifecycleEvent APR capabilities: IPv6 [true], sendfile [true], accept filters [false], random [true], UDS [true].
04-Nov-2024 17:15:25.191 INFO [main] org.apache.catalina.core.AprLifecycleListener.lifecycleEvent APR/OpenSSL configuration: useAprConnector [false], useOpenSSL [true]
04-Nov-2024 17:15:25.200 INFO [main] org.apache.catalina.core.AprLifecycleListener.initializeSSL OpenSSL successfully initialized [OpenSSL 3.0.2 15 Mar 2022]
04-Nov-2024 17:15:25.356 INFO [main] org.apache.coyote.AbstractProtocol.init Initializing ProtocolHandler ["http-nio-8080"]
04-Nov-2024 17:15:25.373 INFO [main] org.apache.catalina.startup.Catalina.load Server initialization in [319] milliseconds
04-Nov-2024 17:15:25.405 INFO [main] org.apache.catalina.core.StandardService.startInternal Starting service [Catalina]
04-Nov-2024 17:15:25.405 INFO [main] org.apache.catalina.core.StandardEngine.startInternal Starting Servlet engine: [Apache Tomcat/9.0.86]
04-Nov-2024 17:15:25.421 INFO [main] org.apache.catalina.startup.HostConfig.deployWAR Deploying web application archive [/usr/local/tomcat/webapps/Scada-LTS.war]
04-Nov-2024 17:15:27.115 WARNING [main] org.apache.tomcat.jdbc.pool.ConnectionPool.checkPoolConfiguration maxIdle is larger than maxActive, setting maxIdle to: 80
04-Nov-2024 17:15:27.297 INFO [main] org.apache.jasper.servlet.TldScanner.scanJars At least one JAR was scanned for TLDs yet contained no TLDs. Enable debug logging for this logger for a complete list of JARs that were scanned but no TLDs were found in them. Skipping unneeded JARs during scanning can improve startup time and JSP compilation time.
04-Nov-2024 17:15:30.338 INFO [main] org.apache.catalina.startup.HostConfig.deployWAR Deployment of web application archive [/usr/local/tomcat/webapps/Scada-LTS.war] has finished in [4,917] ms
04-Nov-2024 17:15:30.340 INFO [main] org.apache.coyote.AbstractProtocol.start Starting ProtocolHandler ["http-nio-8080"]
04-Nov-2024 17:15:30.345 INFO [main] org.apache.catalina.startup.Catalina.start Server startup in [4972] milliseconds
04-Nov-2024 17:25:25.851 INFO [Thread-4] org.apache.coyote.AbstractProtocol.pause Pausing ProtocolHandler ["http-nio-8080"]
04-Nov-2024 17:25:25.853 INFO [Thread-4] org.apache.catalina.core.StandardService.stopInternal Stopping service [Catalina]
04-Nov-2024 17:25:26.985 INFO [Thread-4] org.apache.coyote.AbstractProtocol.stop Stopping ProtocolHandler ["http-nio-8080"]
04-Nov-2024 17:25:26.993 INFO [Thread-4] org.apache.coyote.AbstractProtocol.destroy Destroying ProtocolHandler ["http-nio-8080"]
