11-Oct-2024 18:35:16.198 INFO [main] org.apache.catalina.startup.VersionLoggerListener.log Server version name:   Apache Tomcat/9.0.86
11-Oct-2024 18:35:16.199 INFO [main] org.apache.catalina.startup.VersionLoggerListener.log Server built:          Feb 14 2024 08:15:12 UTC
11-Oct-2024 18:35:16.199 INFO [main] org.apache.catalina.startup.VersionLoggerListener.log Server version number: 9.0.86.0
11-Oct-2024 18:35:16.199 INFO [main] org.apache.catalina.startup.VersionLoggerListener.log OS Name:               Linux
11-Oct-2024 18:35:16.200 INFO [main] org.apache.catalina.startup.VersionLoggerListener.log OS Version:            6.10.4-linuxkit
11-Oct-2024 18:35:16.200 INFO [main] org.apache.catalina.startup.VersionLoggerListener.log Architecture:          aarch64
11-Oct-2024 18:35:16.200 INFO [main] org.apache.catalina.startup.VersionLoggerListener.log Java Home:             /opt/java/openjdk
11-Oct-2024 18:35:16.200 INFO [main] org.apache.catalina.startup.VersionLoggerListener.log JVM Version:           11.0.22+7
11-Oct-2024 18:35:16.200 INFO [main] org.apache.catalina.startup.VersionLoggerListener.log JVM Vendor:            Eclipse Adoptium
11-Oct-2024 18:35:16.200 INFO [main] org.apache.catalina.startup.VersionLoggerListener.log CATALINA_BASE:         /usr/local/tomcat
11-Oct-2024 18:35:16.200 INFO [main] org.apache.catalina.startup.VersionLoggerListener.log CATALINA_HOME:         /usr/local/tomcat
11-Oct-2024 18:35:16.204 INFO [main] org.apache.catalina.startup.VersionLoggerListener.log Command line argument: --add-opens=java.base/java.lang=ALL-UNNAMED
11-Oct-2024 18:35:16.205 INFO [main] org.apache.catalina.startup.VersionLoggerListener.log Command line argument: --add-opens=java.base/java.io=ALL-UNNAMED
11-Oct-2024 18:35:16.205 INFO [main] org.apache.catalina.startup.VersionLoggerListener.log Command line argument: --add-opens=java.base/java.util=ALL-UNNAMED
11-Oct-2024 18:35:16.205 INFO [main] org.apache.catalina.startup.VersionLoggerListener.log Command line argument: --add-opens=java.base/java.util.concurrent=ALL-UNNAMED
11-Oct-2024 18:35:16.205 INFO [main] org.apache.catalina.startup.VersionLoggerListener.log Command line argument: --add-opens=java.rmi/sun.rmi.transport=ALL-UNNAMED
11-Oct-2024 18:35:16.205 INFO [main] org.apache.catalina.startup.VersionLoggerListener.log Command line argument: -Djava.util.logging.config.file=/usr/local/tomcat/conf/logging.properties
11-Oct-2024 18:35:16.205 INFO [main] org.apache.catalina.startup.VersionLoggerListener.log Command line argument: -Djava.util.logging.manager=org.apache.juli.ClassLoaderLogManager
11-Oct-2024 18:35:16.205 INFO [main] org.apache.catalina.startup.VersionLoggerListener.log Command line argument: -Djdk.tls.ephemeralDHKeySize=2048
11-Oct-2024 18:35:16.205 INFO [main] org.apache.catalina.startup.VersionLoggerListener.log Command line argument: -Djava.protocol.handler.pkgs=org.apache.catalina.webresources
11-Oct-2024 18:35:16.205 INFO [main] org.apache.catalina.startup.VersionLoggerListener.log Command line argument: -Dorg.apache.catalina.security.SecurityListener.UMASK=0027
11-Oct-2024 18:35:16.206 INFO [main] org.apache.catalina.startup.VersionLoggerListener.log Command line argument: -Xmx2G
11-Oct-2024 18:35:16.206 INFO [main] org.apache.catalina.startup.VersionLoggerListener.log Command line argument: -Xms2G
11-Oct-2024 18:35:16.206 INFO [main] org.apache.catalina.startup.VersionLoggerListener.log Command line argument: -Dignore.endorsed.dirs=
11-Oct-2024 18:35:16.206 INFO [main] org.apache.catalina.startup.VersionLoggerListener.log Command line argument: -Dcatalina.base=/usr/local/tomcat
11-Oct-2024 18:35:16.206 INFO [main] org.apache.catalina.startup.VersionLoggerListener.log Command line argument: -Dcatalina.home=/usr/local/tomcat
11-Oct-2024 18:35:16.206 INFO [main] org.apache.catalina.startup.VersionLoggerListener.log Command line argument: -Djava.io.tmpdir=/usr/local/tomcat/temp
11-Oct-2024 18:35:16.207 INFO [main] org.apache.catalina.core.AprLifecycleListener.lifecycleEvent Loaded Apache Tomcat Native library [1.3.0] using APR version [1.7.0].
11-Oct-2024 18:35:16.207 INFO [main] org.apache.catalina.core.AprLifecycleListener.lifecycleEvent APR capabilities: IPv6 [true], sendfile [true], accept filters [false], random [true], UDS [true].
11-Oct-2024 18:35:16.208 INFO [main] org.apache.catalina.core.AprLifecycleListener.lifecycleEvent APR/OpenSSL configuration: useAprConnector [false], useOpenSSL [true]
11-Oct-2024 18:35:16.209 INFO [main] org.apache.catalina.core.AprLifecycleListener.initializeSSL OpenSSL successfully initialized [OpenSSL 3.0.2 15 Mar 2022]
11-Oct-2024 18:35:16.325 INFO [main] org.apache.coyote.AbstractProtocol.init Initializing ProtocolHandler ["http-nio-8080"]
11-Oct-2024 18:35:16.334 INFO [main] org.apache.catalina.startup.Catalina.load Server initialization in [209] milliseconds
11-Oct-2024 18:35:16.355 INFO [main] org.apache.catalina.core.StandardService.startInternal Starting service [Catalina]
11-Oct-2024 18:35:16.355 INFO [main] org.apache.catalina.core.StandardEngine.startInternal Starting Servlet engine: [Apache Tomcat/9.0.86]
11-Oct-2024 18:35:16.365 INFO [main] org.apache.catalina.startup.HostConfig.deployWAR Deploying web application archive [/usr/local/tomcat/webapps/Scada-LTS.war]
11-Oct-2024 18:35:17.546 WARNING [main] org.apache.tomcat.jdbc.pool.ConnectionPool.checkPoolConfiguration maxIdle is larger than maxActive, setting maxIdle to: 80
11-Oct-2024 18:35:17.725 INFO [main] org.apache.jasper.servlet.TldScanner.scanJars At least one JAR was scanned for TLDs yet contained no TLDs. Enable debug logging for this logger for a complete list of JARs that were scanned but no TLDs were found in them. Skipping unneeded JARs during scanning can improve startup time and JSP compilation time.
11-Oct-2024 18:35:21.556 INFO [main] org.apache.catalina.startup.HostConfig.deployWAR Deployment of web application archive [/usr/local/tomcat/webapps/Scada-LTS.war] has finished in [5,191] ms
11-Oct-2024 18:35:21.559 INFO [main] org.apache.coyote.AbstractProtocol.start Starting ProtocolHandler ["http-nio-8080"]
11-Oct-2024 18:35:21.564 INFO [main] org.apache.catalina.startup.Catalina.start Server startup in [5230] milliseconds
