29-Dec-2024 13:00:05.517 INFO [main] org.apache.catalina.startup.VersionLoggerListener.log Server version name:   Apache Tomcat/9.0.86
29-Dec-2024 13:00:05.519 INFO [main] org.apache.catalina.startup.VersionLoggerListener.log Server built:          Feb 14 2024 08:15:12 UTC
29-Dec-2024 13:00:05.519 INFO [main] org.apache.catalina.startup.VersionLoggerListener.log Server version number: 9.0.86.0
29-Dec-2024 13:00:05.519 INFO [main] org.apache.catalina.startup.VersionLoggerListener.log OS Name:               Linux
29-Dec-2024 13:00:05.519 INFO [main] org.apache.catalina.startup.VersionLoggerListener.log OS Version:            6.10.4-linuxkit
29-Dec-2024 13:00:05.519 INFO [main] org.apache.catalina.startup.VersionLoggerListener.log Architecture:          aarch64
29-Dec-2024 13:00:05.519 INFO [main] org.apache.catalina.startup.VersionLoggerListener.log Java Home:             /opt/java/openjdk
29-Dec-2024 13:00:05.519 INFO [main] org.apache.catalina.startup.VersionLoggerListener.log JVM Version:           11.0.22+7
29-Dec-2024 13:00:05.519 INFO [main] org.apache.catalina.startup.VersionLoggerListener.log JVM Vendor:            Eclipse Adoptium
29-Dec-2024 13:00:05.519 INFO [main] org.apache.catalina.startup.VersionLoggerListener.log CATALINA_BASE:         /usr/local/tomcat
29-Dec-2024 13:00:05.519 INFO [main] org.apache.catalina.startup.VersionLoggerListener.log CATALINA_HOME:         /usr/local/tomcat
29-Dec-2024 13:00:05.529 INFO [main] org.apache.catalina.startup.VersionLoggerListener.log Command line argument: --add-opens=java.base/java.lang=ALL-UNNAMED
29-Dec-2024 13:00:05.529 INFO [main] org.apache.catalina.startup.VersionLoggerListener.log Command line argument: --add-opens=java.base/java.io=ALL-UNNAMED
29-Dec-2024 13:00:05.529 INFO [main] org.apache.catalina.startup.VersionLoggerListener.log Command line argument: --add-opens=java.base/java.util=ALL-UNNAMED
29-Dec-2024 13:00:05.529 INFO [main] org.apache.catalina.startup.VersionLoggerListener.log Command line argument: --add-opens=java.base/java.util.concurrent=ALL-UNNAMED
29-Dec-2024 13:00:05.529 INFO [main] org.apache.catalina.startup.VersionLoggerListener.log Command line argument: --add-opens=java.rmi/sun.rmi.transport=ALL-UNNAMED
29-Dec-2024 13:00:05.529 INFO [main] org.apache.catalina.startup.VersionLoggerListener.log Command line argument: -Djava.util.logging.config.file=/usr/local/tomcat/conf/logging.properties
29-Dec-2024 13:00:05.529 INFO [main] org.apache.catalina.startup.VersionLoggerListener.log Command line argument: -Djava.util.logging.manager=org.apache.juli.ClassLoaderLogManager
29-Dec-2024 13:00:05.529 INFO [main] org.apache.catalina.startup.VersionLoggerListener.log Command line argument: -Djdk.tls.ephemeralDHKeySize=2048
29-Dec-2024 13:00:05.529 INFO [main] org.apache.catalina.startup.VersionLoggerListener.log Command line argument: -Djava.protocol.handler.pkgs=org.apache.catalina.webresources
29-Dec-2024 13:00:05.530 INFO [main] org.apache.catalina.startup.VersionLoggerListener.log Command line argument: -Dorg.apache.catalina.security.SecurityListener.UMASK=0027
29-Dec-2024 13:00:05.530 INFO [main] org.apache.catalina.startup.VersionLoggerListener.log Command line argument: -Xmx2G
29-Dec-2024 13:00:05.530 INFO [main] org.apache.catalina.startup.VersionLoggerListener.log Command line argument: -Xms2G
29-Dec-2024 13:00:05.530 INFO [main] org.apache.catalina.startup.VersionLoggerListener.log Command line argument: -Dignore.endorsed.dirs=
29-Dec-2024 13:00:05.530 INFO [main] org.apache.catalina.startup.VersionLoggerListener.log Command line argument: -Dcatalina.base=/usr/local/tomcat
29-Dec-2024 13:00:05.530 INFO [main] org.apache.catalina.startup.VersionLoggerListener.log Command line argument: -Dcatalina.home=/usr/local/tomcat
29-Dec-2024 13:00:05.530 INFO [main] org.apache.catalina.startup.VersionLoggerListener.log Command line argument: -Djava.io.tmpdir=/usr/local/tomcat/temp
29-Dec-2024 13:00:05.539 INFO [main] org.apache.catalina.core.AprLifecycleListener.lifecycleEvent Loaded Apache Tomcat Native library [1.3.0] using APR version [1.7.0].
29-Dec-2024 13:00:05.539 INFO [main] org.apache.catalina.core.AprLifecycleListener.lifecycleEvent APR capabilities: IPv6 [true], sendfile [true], accept filters [false], random [true], UDS [true].
29-Dec-2024 13:00:05.540 INFO [main] org.apache.catalina.core.AprLifecycleListener.lifecycleEvent APR/OpenSSL configuration: useAprConnector [false], useOpenSSL [true]
29-Dec-2024 13:00:05.547 INFO [main] org.apache.catalina.core.AprLifecycleListener.initializeSSL OpenSSL successfully initialized [OpenSSL 3.0.2 15 Mar 2022]
29-Dec-2024 13:00:05.703 INFO [main] org.apache.coyote.AbstractProtocol.init Initializing ProtocolHandler ["http-nio-8080"]
29-Dec-2024 13:00:05.717 INFO [main] org.apache.catalina.startup.Catalina.load Server initialization in [314] milliseconds
29-Dec-2024 13:00:05.744 INFO [main] org.apache.catalina.core.StandardService.startInternal Starting service [Catalina]
29-Dec-2024 13:00:05.744 INFO [main] org.apache.catalina.core.StandardEngine.startInternal Starting Servlet engine: [Apache Tomcat/9.0.86]
29-Dec-2024 13:00:05.758 INFO [main] org.apache.catalina.startup.HostConfig.deployWAR Deploying web application archive [/usr/local/tomcat/webapps/Scada-LTS.war]
29-Dec-2024 13:00:07.356 WARNING [main] org.apache.tomcat.jdbc.pool.ConnectionPool.checkPoolConfiguration maxIdle is larger than maxActive, setting maxIdle to: 80
29-Dec-2024 13:00:07.531 INFO [main] org.apache.jasper.servlet.TldScanner.scanJars At least one JAR was scanned for TLDs yet contained no TLDs. Enable debug logging for this logger for a complete list of JARs that were scanned but no TLDs were found in them. Skipping unneeded JARs during scanning can improve startup time and JSP compilation time.
29-Dec-2024 13:00:10.542 INFO [main] org.apache.catalina.startup.HostConfig.deployWAR Deployment of web application archive [/usr/local/tomcat/webapps/Scada-LTS.war] has finished in [4,784] ms
29-Dec-2024 13:00:10.544 INFO [main] org.apache.coyote.AbstractProtocol.start Starting ProtocolHandler ["http-nio-8080"]
29-Dec-2024 13:00:10.549 INFO [main] org.apache.catalina.startup.Catalina.start Server startup in [4831] milliseconds
