17-Jan-2025 16:11:34.718 INFO [main] org.apache.catalina.core.ApplicationContext.log No Spring WebApplicationInitializer types detected on classpath
17-Jan-2025 16:11:34.934 INFO [main] org.apache.catalina.core.ApplicationContext.log Initializing Spring root WebApplicationContext
17-Jan-2025 16:11:36.048 INFO [main] org.apache.catalina.core.ApplicationContext.log Initializing Spring FrameworkServlet 'springDispatcher'
17-Jan-2025 16:17:09.412 INFO [Thread-4] org.apache.catalina.core.ApplicationContext.log Destroying Spring FrameworkServlet 'springDispatcher'
17-Jan-2025 16:17:09.499 INFO [Thread-4] org.apache.catalina.core.ApplicationContext.log Closing Spring root WebApplicationContext
17-Jan-2025 16:17:31.900 INFO [main] org.apache.catalina.core.ApplicationContext.log No Spring WebApplicationInitializer types detected on classpath
17-Jan-2025 16:17:32.089 INFO [main] org.apache.catalina.core.ApplicationContext.log Initializing Spring root WebApplicationContext
17-Jan-2025 16:17:33.059 INFO [main] org.apache.catalina.core.ApplicationContext.log Initializing Spring FrameworkServlet 'springDispatcher'
17-Jan-2025 17:14:27.226 INFO [main] org.apache.catalina.core.ApplicationContext.log No Spring WebApplicationInitializer types detected on classpath
17-Jan-2025 17:14:27.418 INFO [main] org.apache.catalina.core.ApplicationContext.log Initializing Spring root WebApplicationContext
17-Jan-2025 17:14:28.411 INFO [main] org.apache.catalina.core.ApplicationContext.log Initializing Spring FrameworkServlet 'springDispatcher'
17-Jan-2025 17:45:04.025 INFO [Thread-4] org.apache.catalina.core.ApplicationContext.log Destroying Spring FrameworkServlet 'springDispatcher'
17-Jan-2025 17:45:04.089 INFO [Thread-4] org.apache.catalina.core.ApplicationContext.log Closing Spring root WebApplicationContext
17-Jan-2025 17:45:23.996 INFO [main] org.apache.catalina.core.ApplicationContext.log No Spring WebApplicationInitializer types detected on classpath
17-Jan-2025 17:45:24.183 INFO [main] org.apache.catalina.core.ApplicationContext.log Initializing Spring root WebApplicationContext
17-Jan-2025 17:45:25.132 INFO [main] org.apache.catalina.core.ApplicationContext.log Initializing Spring FrameworkServlet 'springDispatcher'
17-Jan-2025 17:46:23.034 INFO [Thread-4] org.apache.catalina.core.ApplicationContext.log Destroying Spring FrameworkServlet 'springDispatcher'
17-Jan-2025 17:46:23.112 INFO [Thread-4] org.apache.catalina.core.ApplicationContext.log Closing Spring root WebApplicationContext
17-Jan-2025 17:49:52.446 INFO [main] org.apache.catalina.core.ApplicationContext.log No Spring WebApplicationInitializer types detected on classpath
17-Jan-2025 17:49:52.639 INFO [main] org.apache.catalina.core.ApplicationContext.log Initializing Spring root WebApplicationContext
17-Jan-2025 17:49:53.583 INFO [main] org.apache.catalina.core.ApplicationContext.log Initializing Spring FrameworkServlet 'springDispatcher'
17-Jan-2025 18:46:26.917 INFO [Thread-4] org.apache.catalina.core.ApplicationContext.log Destroying Spring FrameworkServlet 'springDispatcher'
17-Jan-2025 18:46:26.990 INFO [Thread-4] org.apache.catalina.core.ApplicationContext.log Closing Spring root WebApplicationContext
17-Jan-2025 18:47:14.885 INFO [main] org.apache.catalina.core.ApplicationContext.log No Spring WebApplicationInitializer types detected on classpath
17-Jan-2025 18:47:15.078 INFO [main] org.apache.catalina.core.ApplicationContext.log Initializing Spring root WebApplicationContext
17-Jan-2025 18:47:16.089 INFO [main] org.apache.catalina.core.ApplicationContext.log Initializing Spring FrameworkServlet 'springDispatcher'
17-Jan-2025 18:50:22.027 INFO [Thread-4] org.apache.catalina.core.ApplicationContext.log Destroying Spring FrameworkServlet 'springDispatcher'
17-Jan-2025 18:50:22.104 INFO [Thread-4] org.apache.catalina.core.ApplicationContext.log Closing Spring root WebApplicationContext
